2022-04-04 13:46:16  [DriverFactory] (TestNG-PoolService-6:) Setting browser value
2022-04-04 13:46:18  [DriverFactory] (TestNG-PoolService-5:) Setting browser value
2022-04-04 13:46:18  [DriverFactory] (TestNG-PoolService-2:) Setting browser value
2022-04-04 13:46:18  [DriverFactory] (TestNG-PoolService-8:) Setting browser value
2022-04-04 13:46:18  [DriverFactory] (TestNG-PoolService-1:) Setting browser value
2022-04-04 13:46:19  [DriverFactory] (TestNG-PoolService-3:) Setting browser value
2022-04-04 13:46:19  [DriverFactory] (TestNG-PoolService-4:) Setting browser value
2022-04-04 13:46:19  [DriverFactory] (TestNG-PoolService-7:) Setting browser value
2022-04-04 13:46:19  [DriverFactory] (TestNG-PoolService-0:) Setting browser value
2022-04-04 13:46:19  [ApplicationHooks] (TestNG-PoolService-6:) Launching browser
2022-04-04 13:46:20  [ApplicationHooks] (TestNG-PoolService-5:) Launching browser
2022-04-04 13:46:20  [ApplicationHooks] (TestNG-PoolService-8:) Launching browser
2022-04-04 13:46:20  [ApplicationHooks] (TestNG-PoolService-1:) Launching browser
2022-04-04 13:46:20  [ApplicationHooks] (TestNG-PoolService-2:) Launching browser
2022-04-04 13:46:20  [ApplicationHooks] (TestNG-PoolService-7:) Launching browser
2022-04-04 13:46:20  [ApplicationHooks] (TestNG-PoolService-3:) Launching browser
2022-04-04 13:46:20  [ApplicationHooks] (TestNG-PoolService-4:) Launching browser
2022-04-04 13:46:20  [ApplicationHooks] (TestNG-PoolService-0:) Launching browser
2022-04-04 13:46:25  [ApplicationHooks] (TestNG-PoolService-3:) Entering the url.....
2022-04-04 13:46:25  [ApplicationHooks] (TestNG-PoolService-1:) Entering the url.....
2022-04-04 13:46:25  [ApplicationHooks] (TestNG-PoolService-7:) Entering the url.....
2022-04-04 13:46:25  [ApplicationHooks] (TestNG-PoolService-8:) Entering the url.....
2022-04-04 13:46:26  [ApplicationHooks] (TestNG-PoolService-6:) Entering the url.....
2022-04-04 13:46:26  [ApplicationHooks] (TestNG-PoolService-4:) Entering the url.....
2022-04-04 13:46:26  [ApplicationHooks] (TestNG-PoolService-5:) Entering the url.....
2022-04-04 13:46:26  [ApplicationHooks] (TestNG-PoolService-0:) Entering the url.....
2022-04-04 13:46:26  [ApplicationHooks] (TestNG-PoolService-2:) Entering the url.....
2022-04-04 13:46:28  [dashboard_page] (TestNG-PoolService-3:) Successfully landed on the application
2022-04-04 13:46:28  [dashboard_page] (TestNG-PoolService-1:) Successfully landed on the application
2022-04-04 13:46:28  [dashboard_page] (TestNG-PoolService-1:) My Profile link exists on the dashboard
2022-04-04 13:46:28  [dashboard_page] (TestNG-PoolService-8:) Successfully landed on the application
2022-04-04 13:46:28  [dashboard_page] (TestNG-PoolService-1:) My Profile link is enabled on the dashboard
2022-04-04 13:46:28  [dashboard_page] (TestNG-PoolService-1:) Testcase Validate_My_Profile passed
2022-04-04 13:46:28  [dashboard_page] (TestNG-PoolService-7:) Successfully landed on the application
2022-04-04 13:46:29  [dashboard_page] (TestNG-PoolService-6:) Successfully landed on the application
2022-04-04 13:46:29  [dashboard_page] (TestNG-PoolService-4:) Successfully landed on the application
2022-04-04 13:46:29  [dashboard_page] (TestNG-PoolService-6:) Testcase Validate Find your car , popular ,Just launched,upcoming static elements appear in home page is passed
2022-04-04 13:46:29  [dashboard_page] (TestNG-PoolService-5:) Successfully landed on the application
2022-04-04 13:46:29  [dashboard_page] (TestNG-PoolService-0:) Successfully landed on the application
2022-04-04 13:46:29  [dashboard_page] (TestNG-PoolService-0:) Navigating to car listing page
2022-04-04 13:46:29  [dashboard_page] (TestNG-PoolService-2:) Successfully landed on the application
2022-04-04 13:46:31  [dashboard_page] (TestNG-PoolService-2:) Search bar is validated
2022-04-04 13:46:31  [ApplicationHooks] (TestNG-PoolService-1:) closing the browser
2022-04-04 13:46:32  [dashboard_page] (TestNG-PoolService-3:) Number of footer links aretrue
2022-04-04 13:46:32  [dashboard_page] (TestNG-PoolService-3:) Testcase Validate Footer link validation is pass
2022-04-04 13:46:32  [ApplicationHooks] (TestNG-PoolService-6:) closing the browser
2022-04-04 13:46:32  [dashboard_page] (TestNG-PoolService-0:) Testcase Validate Car listing is pass
2022-04-04 13:46:34  [dashboard_page] (TestNG-PoolService-7:) Testcase Validate the on click of logo , user is taken to homepage is passed
2022-04-04 13:46:35  [ApplicationHooks] (TestNG-PoolService-3:) closing the browser
2022-04-04 13:46:36  [ApplicationHooks] (TestNG-PoolService-0:) closing the browser
2022-04-04 13:46:37  [ApplicationHooks] (TestNG-PoolService-4:) closing the browser
2022-04-04 13:46:37  [ApplicationHooks] (TestNG-PoolService-5:) closing the browser
2022-04-04 13:46:37  [ApplicationHooks] (TestNG-PoolService-7:) closing the browser
2022-04-04 13:46:43  [ApplicationHooks] (TestNG-PoolService-8:) closing the browser
2022-04-04 13:47:02  [dashboard_page] (TestNG-PoolService-2:) Testcase Validate Search functionality is failed
2022-04-04 13:47:02  [dashboard_page] (TestNG-PoolService-2:) org.openqa.selenium.TimeoutException: Expected condition failed: waiting for visibility of element located by By.xpath: //*[text()='SEARCH'])[2]) (tried for 30 second(s) with 500 milliseconds interval)
2022-04-04 13:47:02  [ApplicationHooks] (TestNG-PoolService-2:) ScreenValidate_Search_functionality
2022-04-04 13:47:06  [ApplicationHooks] (TestNG-PoolService-2:) closing the browser
2022-04-06 12:28:20  [DriverFactory] (main:) Setting browser value
2022-04-06 12:28:21  [ApplicationHooks] (main:) Launching browser
2022-04-06 12:28:22  [ApplicationHooks] (main:) Entering the url.....
2022-04-06 12:28:25  [dashboard_page] (main:) Successfully landed on the application
2022-04-06 12:28:25  [dashboard_page] (main:) Navigating to car listing page
2022-04-06 12:28:28  [dashboard_page] (main:) Testcase Validate Car listing is pass
2022-04-06 12:28:31  [ApplicationHooks] (main:) closing the browser
2022-04-06 12:28:34  [DriverFactory] (main:) Setting browser value
2022-04-06 12:28:34  [ApplicationHooks] (main:) Launching browser
2022-04-06 12:28:35  [ApplicationHooks] (main:) Entering the url.....
2022-04-06 12:28:38  [dashboard_page] (main:) Successfully landed on the application
2022-04-06 12:29:03  [ApplicationHooks] (main:) ScreenValidate_the_total_number_of_cars_in_View_All_page
2022-04-06 12:29:06  [ApplicationHooks] (main:) closing the browser
2022-04-06 12:29:08  [DriverFactory] (main:) Setting browser value
2022-04-06 12:29:09  [ApplicationHooks] (main:) Launching browser
2022-04-06 12:29:10  [ApplicationHooks] (main:) Entering the url.....
2022-04-06 12:29:13  [dashboard_page] (main:) Successfully landed on the application
2022-04-06 12:29:13  [dashboard_page] (main:) My Profile link exists on the dashboard
2022-04-06 12:29:13  [dashboard_page] (main:) My Profile link is enabled on the dashboard
2022-04-06 12:29:13  [dashboard_page] (main:) Testcase Validate_My_Profile passed
2022-04-06 12:29:16  [ApplicationHooks] (main:) closing the browser
2022-04-06 12:29:18  [DriverFactory] (main:) Setting browser value
2022-04-06 12:29:18  [ApplicationHooks] (main:) Launching browser
2022-04-06 12:29:19  [ApplicationHooks] (main:) Entering the url.....
2022-04-06 12:29:22  [dashboard_page] (main:) Successfully landed on the application
2022-04-06 12:29:24  [dashboard_page] (main:) Search bar is validated
2022-04-06 12:29:55  [dashboard_page] (main:) Testcase Validate Search functionality is failed
2022-04-06 12:29:55  [dashboard_page] (main:) org.openqa.selenium.TimeoutException: Expected condition failed: waiting for visibility of element located by By.xpath: //*[text()='SEARCH'])[2]) (tried for 30 second(s) with 500 milliseconds interval)
2022-04-06 12:29:55  [ApplicationHooks] (main:) ScreenValidate_Search_functionality
2022-04-06 12:29:58  [ApplicationHooks] (main:) closing the browser
2022-04-06 12:30:01  [DriverFactory] (main:) Setting browser value
2022-04-06 12:30:01  [ApplicationHooks] (main:) Launching browser
2022-04-06 12:30:02  [ApplicationHooks] (main:) Entering the url.....
2022-04-06 12:30:05  [dashboard_page] (main:) Successfully landed on the application
2022-04-06 12:30:06  [dashboard_page] (main:) Number of footer links aretrue
2022-04-06 12:30:06  [dashboard_page] (main:) Testcase Validate Footer link validation is pass
2022-04-06 12:30:09  [ApplicationHooks] (main:) closing the browser
2022-04-06 12:30:11  [DriverFactory] (main:) Setting browser value
2022-04-06 12:30:11  [ApplicationHooks] (main:) Launching browser
2022-04-06 12:30:12  [ApplicationHooks] (main:) Entering the url.....
2022-04-06 12:30:15  [dashboard_page] (main:) Successfully landed on the application
2022-04-06 12:30:20  [ApplicationHooks] (main:) closing the browser
2022-04-06 12:30:21  [DriverFactory] (main:) Setting browser value
2022-04-06 12:30:22  [ApplicationHooks] (main:) Launching browser
2022-04-06 12:30:23  [ApplicationHooks] (main:) Entering the url.....
2022-04-06 12:30:26  [dashboard_page] (main:) Successfully landed on the application
2022-04-06 12:30:30  [ApplicationHooks] (main:) closing the browser
2022-04-06 12:30:32  [DriverFactory] (main:) Setting browser value
2022-04-06 12:30:32  [ApplicationHooks] (main:) Launching browser
2022-04-06 12:30:33  [ApplicationHooks] (main:) Entering the url.....
2022-04-06 12:30:36  [dashboard_page] (main:) Successfully landed on the application
2022-04-06 12:30:36  [dashboard_page] (main:) Testcase Validate Find your car , popular ,Just launched,upcoming static elements appear in home page is passed
2022-04-06 12:30:39  [ApplicationHooks] (main:) closing the browser
2022-04-06 12:30:41  [DriverFactory] (main:) Setting browser value
2022-04-06 12:30:41  [ApplicationHooks] (main:) Launching browser
2022-04-06 12:30:42  [ApplicationHooks] (main:) Entering the url.....
2022-04-06 12:30:45  [dashboard_page] (main:) Successfully landed on the application
2022-04-06 12:30:46  [dashboard_page] (main:) Testcase Validate the on click of logo , user is taken to homepage is passed
2022-04-06 12:30:49  [ApplicationHooks] (main:) closing the browser
2022-04-06 12:30:51  [DriverFactory] (main:) Setting browser value
2022-04-06 12:30:52  [ApplicationHooks] (main:) Launching browser
2022-04-06 12:30:52  [ApplicationHooks] (main:) Entering the url.....
2022-04-06 12:30:55  [dashboard_page] (main:) Successfully landed on the application
2022-04-06 12:31:08  [ApplicationHooks] (main:) closing the browser
2022-04-06 12:38:18  [DriverFactory] (main:) Setting browser value
2022-04-06 12:38:18  [ApplicationHooks] (main:) Launching browser
2022-04-06 12:38:19  [ApplicationHooks] (main:) Entering the url.....
2022-04-06 12:38:22  [dashboard_page] (main:) Successfully landed on the application
2022-04-06 12:38:22  [dashboard_page] (main:) Navigating to car listing page
2022-04-06 12:38:25  [dashboard_page] (main:) Testcase Validate Car listing is pass
2022-04-06 12:38:28  [ApplicationHooks] (main:) closing the browser
2022-04-06 12:38:31  [DriverFactory] (main:) Setting browser value
2022-04-06 12:38:31  [ApplicationHooks] (main:) Launching browser
2022-04-06 12:38:32  [ApplicationHooks] (main:) Entering the url.....
2022-04-06 12:39:47  [DriverFactory] (main:) Setting browser value
2022-04-06 12:39:48  [ApplicationHooks] (main:) Launching browser
2022-04-06 12:39:49  [ApplicationHooks] (main:) Entering the url.....
2022-04-06 12:39:52  [dashboard_page] (main:) Successfully landed on the application
2022-04-06 12:39:52  [dashboard_page] (main:) Navigating to car listing page
2022-04-06 12:39:55  [dashboard_page] (main:) Testcase Validate Car listing is pass
2022-04-06 12:45:11  [DriverFactory] (main:) Setting browser value
2022-04-06 12:45:11  [ApplicationHooks] (main:) Launching browser
2022-04-06 12:45:13  [ApplicationHooks] (main:) Entering the url.....
2022-04-06 12:45:16  [dashboard_page] (main:) Successfully landed on the application
2022-04-06 12:45:16  [dashboard_page] (main:) Navigating to car listing page
2022-04-06 12:47:49  [DriverFactory] (main:) Setting browser value
2022-04-06 12:47:49  [ApplicationHooks] (main:) Launching browser
2022-04-06 12:47:50  [ApplicationHooks] (main:) Entering the url.....
2022-04-06 12:47:53  [dashboard_page] (main:) Successfully landed on the application
2022-04-06 12:47:53  [dashboard_page] (main:) Navigating to car listing page
2022-04-06 12:47:57  [dashboard_page] (main:) Testcase Validate Car listing is pass
2022-04-06 12:48:00  [ApplicationHooks] (main:) closing the browser
2022-04-06 12:48:02  [DriverFactory] (main:) Setting browser value
2022-04-06 12:48:02  [ApplicationHooks] (main:) Launching browser
2022-04-06 12:48:03  [ApplicationHooks] (main:) Entering the url.....
2022-04-06 12:48:06  [dashboard_page] (main:) Successfully landed on the application
2022-04-06 12:52:46  [DriverFactory] (TestNG-PoolService-3:) Setting browser value
2022-04-06 12:52:46  [DriverFactory] (TestNG-PoolService-7:) Setting browser value
2022-04-06 12:52:46  [DriverFactory] (TestNG-PoolService-9:) Setting browser value
2022-04-06 12:52:46  [DriverFactory] (TestNG-PoolService-5:) Setting browser value
2022-04-06 12:52:46  [DriverFactory] (TestNG-PoolService-8:) Setting browser value
2022-04-06 12:52:46  [DriverFactory] (TestNG-PoolService-1:) Setting browser value
2022-04-06 12:52:46  [DriverFactory] (TestNG-PoolService-0:) Setting browser value
2022-04-06 12:52:46  [DriverFactory] (TestNG-PoolService-6:) Setting browser value
2022-04-06 12:52:46  [DriverFactory] (TestNG-PoolService-4:) Setting browser value
2022-04-06 12:52:47  [DriverFactory] (TestNG-PoolService-2:) Setting browser value
2022-04-06 12:52:48  [ApplicationHooks] (TestNG-PoolService-8:) Launching browser
2022-04-06 12:52:48  [ApplicationHooks] (TestNG-PoolService-1:) Launching browser
2022-04-06 12:52:48  [ApplicationHooks] (TestNG-PoolService-4:) Launching browser
2022-04-06 12:52:48  [ApplicationHooks] (TestNG-PoolService-2:) Launching browser
2022-04-06 12:52:48  [ApplicationHooks] (TestNG-PoolService-3:) Launching browser
2022-04-06 12:52:48  [ApplicationHooks] (TestNG-PoolService-9:) Launching browser
2022-04-06 12:52:48  [ApplicationHooks] (TestNG-PoolService-5:) Launching browser
2022-04-06 12:52:49  [ApplicationHooks] (TestNG-PoolService-7:) Launching browser
2022-04-06 12:52:48  [ApplicationHooks] (TestNG-PoolService-0:) Launching browser
2022-04-06 12:52:48  [ApplicationHooks] (TestNG-PoolService-6:) Launching browser
2022-04-06 12:58:00  [DriverFactory] (TestNG-PoolService-9:) Setting browser value
2022-04-06 12:58:00  [DriverFactory] (TestNG-PoolService-6:) Setting browser value
2022-04-06 12:58:00  [DriverFactory] (TestNG-PoolService-4:) Setting browser value
2022-04-06 12:58:00  [DriverFactory] (TestNG-PoolService-7:) Setting browser value
2022-04-06 12:58:00  [DriverFactory] (TestNG-PoolService-1:) Setting browser value
2022-04-06 12:58:00  [DriverFactory] (TestNG-PoolService-3:) Setting browser value
2022-04-06 12:58:00  [DriverFactory] (TestNG-PoolService-2:) Setting browser value
2022-04-06 12:58:00  [DriverFactory] (TestNG-PoolService-0:) Setting browser value
2022-04-06 12:58:00  [DriverFactory] (TestNG-PoolService-8:) Setting browser value
2022-04-06 12:58:00  [DriverFactory] (TestNG-PoolService-5:) Setting browser value
2022-04-06 12:58:02  [ApplicationHooks] (TestNG-PoolService-4:) Launching browser
2022-04-06 12:58:02  [ApplicationHooks] (TestNG-PoolService-6:) Launching browser
2022-04-06 12:58:03  [ApplicationHooks] (TestNG-PoolService-1:) Launching browser
2022-04-06 12:58:03  [ApplicationHooks] (TestNG-PoolService-9:) Launching browser
2022-04-06 12:58:03  [ApplicationHooks] (TestNG-PoolService-2:) Launching browser
2022-04-06 12:58:03  [ApplicationHooks] (TestNG-PoolService-3:) Launching browser
2022-04-06 12:58:03  [ApplicationHooks] (TestNG-PoolService-0:) Launching browser
2022-04-06 12:58:03  [ApplicationHooks] (TestNG-PoolService-5:) Launching browser
2022-04-06 12:58:03  [ApplicationHooks] (TestNG-PoolService-7:) Launching browser
2022-04-06 12:58:03  [ApplicationHooks] (TestNG-PoolService-8:) Launching browser
2022-04-06 12:58:07  [ApplicationHooks] (TestNG-PoolService-2:) Entering the url.....
2022-04-06 12:58:10  [dashboard_page] (TestNG-PoolService-2:) Exception occurred,please refer the details below
2022-04-06 12:58:10  [dashboard_page] (TestNG-PoolService-2:) org.openqa.selenium.NoSuchWindowException: no such window: window was already closed
  (Session info: chrome=100.0.4896.60)
Build info: version: '3.141.59', revision: 'e82be7d358', time: '2018-11-14T08:17:03'
System info: host: 'USBGOFIRDI1', ip: '192.168.0.109', os.name: 'Mac OS X', os.arch: 'x86_64', os.version: '10.16', java.version: '1.8.0_211'
Driver info: org.openqa.selenium.chrome.ChromeDriver
Capabilities {acceptInsecureCerts: false, browserName: chrome, browserVersion: 100.0.4896.60, chrome: {chromedriverVersion: 100.0.4896.60 (6a5d10861ce8..., userDataDir: /var/folders/3r/cq_7n2w13gb...}, goog:chromeOptions: {debuggerAddress: localhost:60498}, javascriptEnabled: true, networkConnectionEnabled: false, pageLoadStrategy: normal, platform: MAC, platformName: MAC, proxy: Proxy(), setWindowRect: true, strictFileInteractability: false, timeouts: {implicit: 0, pageLoad: 300000, script: 30000}, unhandledPromptBehavior: dismiss and notify, webauthn:extension:credBlob: true, webauthn:extension:largeBlob: true, webauthn:virtualAuthenticators: true}
Session ID: 3c92c577d1b99e082c12f78d382f53f8
2022-04-06 12:58:10  [ApplicationHooks] (TestNG-PoolService-2:) ScreenValidate_MY_Profile_Details
2022-04-06 12:58:10  [ApplicationHooks] (TestNG-PoolService-2:) Exception occurred while capturing screenshot
2022-04-06 12:58:10  [ApplicationHooks] (TestNG-PoolService-2:) org.openqa.selenium.NoSuchWindowException: no such window: window was already closed
  (Session info: chrome=100.0.4896.60)
Build info: version: '3.141.59', revision: 'e82be7d358', time: '2018-11-14T08:17:03'
System info: host: 'USBGOFIRDI1', ip: '192.168.0.109', os.name: 'Mac OS X', os.arch: 'x86_64', os.version: '10.16', java.version: '1.8.0_211'
Driver info: org.openqa.selenium.chrome.ChromeDriver
Capabilities {acceptInsecureCerts: false, browserName: chrome, browserVersion: 100.0.4896.60, chrome: {chromedriverVersion: 100.0.4896.60 (6a5d10861ce8..., userDataDir: /var/folders/3r/cq_7n2w13gb...}, goog:chromeOptions: {debuggerAddress: localhost:60498}, javascriptEnabled: true, networkConnectionEnabled: false, pageLoadStrategy: normal, platform: MAC, platformName: MAC, proxy: Proxy(), setWindowRect: true, strictFileInteractability: false, timeouts: {implicit: 0, pageLoad: 300000, script: 30000}, unhandledPromptBehavior: dismiss and notify, webauthn:extension:credBlob: true, webauthn:extension:largeBlob: true, webauthn:virtualAuthenticators: true}
Session ID: 3c92c577d1b99e082c12f78d382f53f8
2022-04-06 12:58:12  [ApplicationHooks] (TestNG-PoolService-0:) Entering the url.....
2022-04-06 12:58:12  [ApplicationHooks] (TestNG-PoolService-6:) Entering the url.....
2022-04-06 12:58:12  [ApplicationHooks] (TestNG-PoolService-3:) Entering the url.....
2022-04-06 12:58:13  [ApplicationHooks] (TestNG-PoolService-7:) Entering the url.....
2022-04-06 12:58:13  [ApplicationHooks] (TestNG-PoolService-2:) closing the browser
2022-04-06 12:58:13  [ApplicationHooks] (TestNG-PoolService-5:) Entering the url.....
2022-04-06 12:58:14  [ApplicationHooks] (TestNG-PoolService-4:) Entering the url.....
2022-04-06 12:58:14  [ApplicationHooks] (TestNG-PoolService-1:) Entering the url.....
2022-04-06 12:58:14  [ApplicationHooks] (TestNG-PoolService-9:) Entering the url.....
2022-04-06 12:58:15  [ApplicationHooks] (TestNG-PoolService-8:) Entering the url.....
2022-04-06 12:58:15  [dashboard_page] (TestNG-PoolService-0:) Successfully landed on the application
2022-04-06 12:58:15  [dashboard_page] (TestNG-PoolService-0:) Navigating to car listing page
2022-04-06 12:58:15  [dashboard_page] (TestNG-PoolService-6:) Successfully landed on the application
2022-04-06 12:58:15  [dashboard_page] (TestNG-PoolService-3:) Successfully landed on the application
2022-04-06 12:58:16  [dashboard_page] (TestNG-PoolService-6:) Testcase Validate New Car & Used car exists on homepage is failed
2022-04-06 12:58:16  [dashboard_page] (TestNG-PoolService-6:) org.openqa.selenium.WebDriverException: java.net.ConnectException: Failed to connect to localhost/0:0:0:0:0:0:0:1:10762
Build info: version: '3.141.59', revision: 'e82be7d358', time: '2018-11-14T08:17:03'
System info: host: 'USBGOFIRDI1', ip: '192.168.0.109', os.name: 'Mac OS X', os.arch: 'x86_64', os.version: '10.16', java.version: '1.8.0_211'
Driver info: driver.version: RemoteWebDriver
2022-04-06 12:59:03  [DriverFactory] (TestNG-PoolService-9:) Setting browser value
2022-04-06 12:59:03  [DriverFactory] (TestNG-PoolService-2:) Setting browser value
2022-04-06 12:59:03  [DriverFactory] (TestNG-PoolService-5:) Setting browser value
2022-04-06 12:59:03  [DriverFactory] (TestNG-PoolService-7:) Setting browser value
2022-04-06 12:59:03  [DriverFactory] (TestNG-PoolService-8:) Setting browser value
2022-04-06 12:59:03  [DriverFactory] (TestNG-PoolService-3:) Setting browser value
2022-04-06 12:59:03  [DriverFactory] (TestNG-PoolService-1:) Setting browser value
2022-04-06 12:59:03  [DriverFactory] (TestNG-PoolService-4:) Setting browser value
2022-04-06 12:59:03  [DriverFactory] (TestNG-PoolService-0:) Setting browser value
2022-04-06 12:59:04  [DriverFactory] (TestNG-PoolService-6:) Setting browser value
2022-04-06 12:59:06  [ApplicationHooks] (TestNG-PoolService-2:) Launching browser
2022-04-06 12:59:07  [DriverFactory] (TestNG-PoolService-1:) Exception occured while raising the browser
2022-04-06 12:59:07  [DriverFactory] (TestNG-PoolService-7:) Exception occured while raising the browser
2022-04-06 12:59:07  [DriverFactory] (TestNG-PoolService-6:) Exception occured while raising the browser
2022-04-06 12:59:07  [DriverFactory] (TestNG-PoolService-0:) Exception occured while raising the browser
2022-04-06 12:59:07  [DriverFactory] (TestNG-PoolService-8:) Exception occured while raising the browser
2022-04-06 12:59:07  [DriverFactory] (TestNG-PoolService-0:) org.openqa.selenium.WebDriverException: java.net.ConnectException: Failed to connect to localhost/0:0:0:0:0:0:0:1:41789
Build info: version: '3.141.59', revision: 'e82be7d358', time: '2018-11-14T08:17:03'
System info: host: 'USBGOFIRDI1', ip: '192.168.0.109', os.name: 'Mac OS X', os.arch: 'x86_64', os.version: '10.16', java.version: '1.8.0_211'
Driver info: driver.version: RemoteWebDriver
2022-04-06 12:59:07  [DriverFactory] (TestNG-PoolService-5:) Exception occured while raising the browser
2022-04-06 12:59:07  [ApplicationHooks] (TestNG-PoolService-0:) Launching browser
2022-04-06 12:59:07  [DriverFactory] (TestNG-PoolService-8:) org.openqa.selenium.WebDriverException: java.net.ConnectException: Failed to connect to localhost/0:0:0:0:0:0:0:1:39899
Build info: version: '3.141.59', revision: 'e82be7d358', time: '2018-11-14T08:17:03'
System info: host: 'USBGOFIRDI1', ip: '192.168.0.109', os.name: 'Mac OS X', os.arch: 'x86_64', os.version: '10.16', java.version: '1.8.0_211'
Driver info: driver.version: RemoteWebDriver
2022-04-06 12:59:07  [ApplicationHooks] (TestNG-PoolService-8:) Launching browser
2022-04-06 12:59:07  [DriverFactory] (TestNG-PoolService-7:) org.openqa.selenium.WebDriverException: java.net.ConnectException: Failed to connect to localhost/0:0:0:0:0:0:0:1:34083
Build info: version: '3.141.59', revision: 'e82be7d358', time: '2018-11-14T08:17:03'
System info: host: 'USBGOFIRDI1', ip: '192.168.0.109', os.name: 'Mac OS X', os.arch: 'x86_64', os.version: '10.16', java.version: '1.8.0_211'
Driver info: driver.version: RemoteWebDriver
2022-04-06 12:59:07  [ApplicationHooks] (TestNG-PoolService-7:) Launching browser
2022-04-06 12:59:07  [DriverFactory] (TestNG-PoolService-6:) org.openqa.selenium.WebDriverException: java.net.ConnectException: Failed to connect to localhost/0:0:0:0:0:0:0:1:14114
Build info: version: '3.141.59', revision: 'e82be7d358', time: '2018-11-14T08:17:03'
System info: host: 'USBGOFIRDI1', ip: '192.168.0.109', os.name: 'Mac OS X', os.arch: 'x86_64', os.version: '10.16', java.version: '1.8.0_211'
Driver info: driver.version: RemoteWebDriver
2022-04-06 12:59:07  [ApplicationHooks] (TestNG-PoolService-6:) Launching browser
2022-04-06 12:59:07  [DriverFactory] (TestNG-PoolService-5:) org.openqa.selenium.WebDriverException: java.net.ConnectException: Failed to connect to localhost/0:0:0:0:0:0:0:1:9923
Build info: version: '3.141.59', revision: 'e82be7d358', time: '2018-11-14T08:17:03'
System info: host: 'USBGOFIRDI1', ip: '192.168.0.109', os.name: 'Mac OS X', os.arch: 'x86_64', os.version: '10.16', java.version: '1.8.0_211'
Driver info: driver.version: RemoteWebDriver
2022-04-06 12:59:07  [ApplicationHooks] (TestNG-PoolService-5:) Launching browser
2022-04-06 12:59:07  [DriverFactory] (TestNG-PoolService-1:) org.openqa.selenium.WebDriverException: java.net.ConnectException: Failed to connect to localhost/0:0:0:0:0:0:0:1:20728
Build info: version: '3.141.59', revision: 'e82be7d358', time: '2018-11-14T08:17:03'
System info: host: 'USBGOFIRDI1', ip: '192.168.0.109', os.name: 'Mac OS X', os.arch: 'x86_64', os.version: '10.16', java.version: '1.8.0_211'
Driver info: driver.version: RemoteWebDriver
2022-04-06 12:59:07  [ApplicationHooks] (TestNG-PoolService-1:) Launching browser
2022-04-06 12:59:07  [ApplicationHooks] (TestNG-PoolService-5:) ScreenValidate_that_the_logo_is_present_across_website
2022-04-06 12:59:07  [ApplicationHooks] (TestNG-PoolService-8:) ScreenValidate_the_on_click_of_logo_,_user_is_taken_to_homepage.
2022-04-06 12:59:07  [ApplicationHooks] (TestNG-PoolService-6:) ScreenValidate_New_Car_&_Used_car_exists_across_all_webpages
2022-04-06 12:59:07  [ApplicationHooks] (TestNG-PoolService-8:) Exception occurred while capturing screenshot
2022-04-06 12:59:07  [ApplicationHooks] (TestNG-PoolService-5:) Exception occurred while capturing screenshot
2022-04-06 12:59:07  [ApplicationHooks] (TestNG-PoolService-8:) org.openqa.selenium.WebDriverException: java.net.ConnectException: Failed to connect to localhost/0:0:0:0:0:0:0:1:39899
Build info: version: '3.141.59', revision: 'e82be7d358', time: '2018-11-14T08:17:03'
System info: host: 'USBGOFIRDI1', ip: '192.168.0.109', os.name: 'Mac OS X', os.arch: 'x86_64', os.version: '10.16', java.version: '1.8.0_211'
Driver info: driver.version: RemoteWebDriver
2022-04-06 12:59:07  [ApplicationHooks] (TestNG-PoolService-5:) org.openqa.selenium.WebDriverException: java.net.ConnectException: Failed to connect to localhost/0:0:0:0:0:0:0:1:9923
Build info: version: '3.141.59', revision: 'e82be7d358', time: '2018-11-14T08:17:03'
System info: host: 'USBGOFIRDI1', ip: '192.168.0.109', os.name: 'Mac OS X', os.arch: 'x86_64', os.version: '10.16', java.version: '1.8.0_211'
Driver info: driver.version: RemoteWebDriver
2022-04-06 12:59:07  [ApplicationHooks] (TestNG-PoolService-6:) Exception occurred while capturing screenshot
2022-04-06 12:59:07  [ApplicationHooks] (TestNG-PoolService-6:) org.openqa.selenium.WebDriverException: java.net.ConnectException: Failed to connect to localhost/0:0:0:0:0:0:0:1:14114
Build info: version: '3.141.59', revision: 'e82be7d358', time: '2018-11-14T08:17:03'
System info: host: 'USBGOFIRDI1', ip: '192.168.0.109', os.name: 'Mac OS X', os.arch: 'x86_64', os.version: '10.16', java.version: '1.8.0_211'
Driver info: driver.version: RemoteWebDriver
2022-04-06 12:59:07  [ApplicationHooks] (TestNG-PoolService-7:) ScreenValidate_Find_your_car_,_popular_,Just_launched,upcoming_static_elements_appear_in_home_page
2022-04-06 12:59:41  [DriverFactory] (TestNG-PoolService-8:) Setting browser value
2022-04-06 12:59:41  [DriverFactory] (TestNG-PoolService-4:) Setting browser value
2022-04-06 12:59:41  [DriverFactory] (TestNG-PoolService-1:) Setting browser value
2022-04-06 12:59:41  [DriverFactory] (TestNG-PoolService-2:) Setting browser value
2022-04-06 12:59:41  [DriverFactory] (TestNG-PoolService-0:) Setting browser value
2022-04-06 12:59:41  [DriverFactory] (TestNG-PoolService-9:) Setting browser value
2022-04-06 12:59:41  [DriverFactory] (TestNG-PoolService-7:) Setting browser value
2022-04-06 12:59:41  [DriverFactory] (TestNG-PoolService-3:) Setting browser value
2022-04-06 12:59:41  [DriverFactory] (TestNG-PoolService-6:) Setting browser value
2022-04-06 12:59:41  [DriverFactory] (TestNG-PoolService-5:) Setting browser value
2022-04-06 12:59:43  [ApplicationHooks] (TestNG-PoolService-5:) Launching browser
2022-04-06 12:59:43  [ApplicationHooks] (TestNG-PoolService-7:) Launching browser
2022-04-06 12:59:43  [ApplicationHooks] (TestNG-PoolService-8:) Launching browser
2022-04-06 12:59:43  [ApplicationHooks] (TestNG-PoolService-2:) Launching browser
2022-04-06 12:59:44  [ApplicationHooks] (TestNG-PoolService-0:) Launching browser
2022-04-06 12:59:44  [ApplicationHooks] (TestNG-PoolService-6:) Launching browser
2022-04-06 12:59:43  [ApplicationHooks] (TestNG-PoolService-1:) Launching browser
2022-04-06 12:59:43  [ApplicationHooks] (TestNG-PoolService-4:) Launching browser
2022-04-06 12:59:44  [ApplicationHooks] (TestNG-PoolService-9:) Launching browser
2022-04-06 12:59:44  [ApplicationHooks] (TestNG-PoolService-3:) Launching browser
2022-04-06 12:59:56  [ApplicationHooks] (TestNG-PoolService-5:) Entering the url.....
2022-04-06 12:59:56  [ApplicationHooks] (TestNG-PoolService-7:) Entering the url.....
2022-04-06 12:59:56  [ApplicationHooks] (TestNG-PoolService-1:) Entering the url.....
2022-04-06 12:59:56  [ApplicationHooks] (TestNG-PoolService-0:) Entering the url.....
2022-04-06 12:59:56  [ApplicationHooks] (TestNG-PoolService-3:) Entering the url.....
2022-04-06 12:59:57  [ApplicationHooks] (TestNG-PoolService-4:) Entering the url.....
2022-04-06 12:59:57  [ApplicationHooks] (TestNG-PoolService-8:) Entering the url.....
2022-04-06 12:59:57  [ApplicationHooks] (TestNG-PoolService-2:) Entering the url.....
2022-04-06 12:59:57  [ApplicationHooks] (TestNG-PoolService-9:) Entering the url.....
2022-04-06 12:59:58  [ApplicationHooks] (TestNG-PoolService-6:) Entering the url.....
2022-04-06 12:59:59  [dashboard_page] (TestNG-PoolService-5:) Successfully landed on the application
2022-04-06 12:59:59  [dashboard_page] (TestNG-PoolService-7:) Successfully landed on the application
2022-04-06 12:59:59  [dashboard_page] (TestNG-PoolService-1:) Successfully landed on the application
2022-04-06 12:59:59  [dashboard_page] (TestNG-PoolService-0:) Successfully landed on the application
2022-04-06 12:59:59  [dashboard_page] (TestNG-PoolService-0:) Navigating to car listing page
2022-04-06 12:59:59  [dashboard_page] (TestNG-PoolService-7:) Testcase Validate Find your car , popular ,Just launched,upcoming static elements appear in home page is passed
2022-04-06 12:59:59  [dashboard_page] (TestNG-PoolService-3:) Successfully landed on the application
2022-04-06 13:00:00  [dashboard_page] (TestNG-PoolService-8:) Successfully landed on the application
2022-04-06 13:00:00  [dashboard_page] (TestNG-PoolService-4:) Successfully landed on the application
2022-04-06 13:00:00  [dashboard_page] (TestNG-PoolService-2:) Successfully landed on the application
2022-04-06 13:00:00  [dashboard_page] (TestNG-PoolService-2:) My Profile link exists on the dashboard
2022-04-06 13:00:00  [dashboard_page] (TestNG-PoolService-2:) My Profile link is enabled on the dashboard
2022-04-06 13:00:00  [dashboard_page] (TestNG-PoolService-2:) Testcase Validate_My_Profile passed
2022-04-06 13:00:00  [dashboard_page] (TestNG-PoolService-9:) Successfully landed on the application
2022-04-06 13:00:01  [dashboard_page] (TestNG-PoolService-6:) Successfully landed on the application
2022-04-06 13:00:02  [ApplicationHooks] (TestNG-PoolService-7:) closing the browser
2022-04-06 13:00:03  [dashboard_page] (TestNG-PoolService-3:) Search bar is validated
2022-04-06 13:00:03  [dashboard_page] (TestNG-PoolService-0:) Testcase Validate Car listing is pass
2022-04-06 13:00:03  [ApplicationHooks] (TestNG-PoolService-2:) closing the browser
2022-04-06 13:00:06  [ApplicationHooks] (TestNG-PoolService-0:) closing the browser
2022-04-06 13:00:07  [dashboard_page] (TestNG-PoolService-4:) Number of footer links aretrue
2022-04-06 13:00:07  [dashboard_page] (TestNG-PoolService-4:) Testcase Validate Footer link validation is pass
2022-04-06 13:00:08  [dashboard_page] (TestNG-PoolService-8:) Testcase Validate the on click of logo , user is taken to homepage is passed
2022-04-06 13:00:09  [ApplicationHooks] (TestNG-PoolService-5:) closing the browser
2022-04-06 13:00:10  [ApplicationHooks] (TestNG-PoolService-4:) closing the browser
2022-04-06 13:00:11  [ApplicationHooks] (TestNG-PoolService-6:) closing the browser
2022-04-06 13:00:11  [ApplicationHooks] (TestNG-PoolService-8:) closing the browser
2022-04-06 13:00:16  [ApplicationHooks] (TestNG-PoolService-9:) closing the browser
2022-04-06 13:00:25  [ApplicationHooks] (TestNG-PoolService-1:) ScreenValidate_the_total_number_of_cars_in_View_All_page
2022-04-06 13:00:28  [ApplicationHooks] (TestNG-PoolService-1:) closing the browser
2022-04-06 13:00:33  [dashboard_page] (TestNG-PoolService-3:) Testcase Validate Search functionality is failed
2022-04-06 13:00:33  [dashboard_page] (TestNG-PoolService-3:) org.openqa.selenium.TimeoutException: Expected condition failed: waiting for visibility of element located by By.xpath: //*[text()='SEARCH'])[2]) (tried for 30 second(s) with 500 milliseconds interval)
2022-04-06 13:00:33  [ApplicationHooks] (TestNG-PoolService-3:) ScreenValidate_Search_functionality
2022-04-06 13:00:37  [ApplicationHooks] (TestNG-PoolService-3:) closing the browser
2022-04-06 13:01:25  [DriverFactory] (TestNG-PoolService-2:) Setting browser value
2022-04-06 13:01:25  [DriverFactory] (TestNG-PoolService-0:) Setting browser value
2022-04-06 13:01:25  [DriverFactory] (TestNG-PoolService-1:) Setting browser value
2022-04-06 13:01:26  [ApplicationHooks] (TestNG-PoolService-2:) Launching browser
2022-04-06 13:01:26  [ApplicationHooks] (TestNG-PoolService-1:) Launching browser
2022-04-06 13:01:26  [ApplicationHooks] (TestNG-PoolService-0:) Launching browser
2022-04-06 13:01:32  [ApplicationHooks] (TestNG-PoolService-2:) Entering the url.....
2022-04-06 13:01:33  [ApplicationHooks] (TestNG-PoolService-1:) Entering the url.....
2022-04-06 13:01:33  [ApplicationHooks] (TestNG-PoolService-0:) Entering the url.....
2022-04-06 13:01:35  [dashboard_page] (TestNG-PoolService-2:) Successfully landed on the application
2022-04-06 13:01:36  [dashboard_page] (TestNG-PoolService-1:) Successfully landed on the application
2022-04-06 13:01:36  [dashboard_page] (TestNG-PoolService-0:) Successfully landed on the application
2022-04-06 13:01:36  [dashboard_page] (TestNG-PoolService-0:) Navigating to car listing page
2022-04-06 13:01:40  [dashboard_page] (TestNG-PoolService-0:) Testcase Validate Car listing is pass
2022-04-06 13:01:43  [ApplicationHooks] (TestNG-PoolService-0:) closing the browser
2022-04-06 13:01:48  [ApplicationHooks] (TestNG-PoolService-2:) closing the browser
2022-04-06 13:02:01  [ApplicationHooks] (TestNG-PoolService-1:) ScreenValidate_the_total_number_of_cars_in_View_All_page
2022-04-06 13:02:04  [ApplicationHooks] (TestNG-PoolService-1:) closing the browser
2022-04-06 13:03:07  [DriverFactory] (TestNG-PoolService-2:) Setting browser value
2022-04-06 13:03:07  [DriverFactory] (TestNG-PoolService-0:) Setting browser value
2022-04-06 13:03:07  [DriverFactory] (TestNG-PoolService-1:) Setting browser value
2022-04-06 13:03:07  [ApplicationHooks] (TestNG-PoolService-0:) Launching browser
2022-04-06 13:03:07  [ApplicationHooks] (TestNG-PoolService-2:) Launching browser
2022-04-06 13:03:08  [ApplicationHooks] (TestNG-PoolService-1:) Launching browser
2022-04-06 13:03:20  [ApplicationHooks] (TestNG-PoolService-1:) Entering the url.....
2022-04-06 13:03:20  [ApplicationHooks] (TestNG-PoolService-2:) Entering the url.....
2022-04-06 13:03:20  [ApplicationHooks] (TestNG-PoolService-0:) Entering the url.....
2022-04-06 13:03:23  [dashboard_page] (TestNG-PoolService-1:) Successfully landed on the application
2022-04-06 13:03:23  [dashboard_page] (TestNG-PoolService-2:) Successfully landed on the application
2022-04-06 13:03:23  [dashboard_page] (TestNG-PoolService-0:) Successfully landed on the application
2022-04-06 13:03:23  [dashboard_page] (TestNG-PoolService-0:) Navigating to car listing page
2022-04-06 13:03:27  [dashboard_page] (TestNG-PoolService-0:) Testcase Validate Car listing is pass
2022-04-06 13:03:30  [ApplicationHooks] (TestNG-PoolService-0:) closing the browser
2022-04-06 13:03:37  [ApplicationHooks] (TestNG-PoolService-2:) closing the browser
2022-04-06 13:03:48  [ApplicationHooks] (TestNG-PoolService-1:) ScreenValidate_the_total_number_of_cars_in_View_All_page
2022-04-06 13:03:51  [ApplicationHooks] (TestNG-PoolService-1:) closing the browser
2022-04-06 13:16:09  [DriverFactory] (TestNG-PoolService-0:) Setting browser value
2022-04-06 13:16:09  [DriverFactory] (TestNG-PoolService-2:) Setting browser value
2022-04-06 13:16:09  [DriverFactory] (TestNG-PoolService-1:) Setting browser value
2022-04-06 13:16:10  [ApplicationHooks] (TestNG-PoolService-1:) Launching browser
2022-04-06 13:16:10  [ApplicationHooks] (TestNG-PoolService-0:) Launching browser
2022-04-06 13:16:10  [ApplicationHooks] (TestNG-PoolService-2:) Launching browser
2022-04-06 13:16:17  [ApplicationHooks] (TestNG-PoolService-1:) Entering the url.....
2022-04-06 13:16:17  [ApplicationHooks] (TestNG-PoolService-0:) Entering the url.....
2022-04-06 13:16:17  [ApplicationHooks] (TestNG-PoolService-2:) Entering the url.....
2022-04-06 13:16:20  [dashboard_page] (TestNG-PoolService-1:) Successfully landed on the application
2022-04-06 13:16:20  [dashboard_page] (TestNG-PoolService-0:) Successfully landed on the application
2022-04-06 13:16:20  [dashboard_page] (TestNG-PoolService-0:) Navigating to car listing page
2022-04-06 13:16:20  [dashboard_page] (TestNG-PoolService-2:) Successfully landed on the application
2022-04-06 13:16:23  [dashboard_page] (TestNG-PoolService-0:) Testcase Validate Car listing is pass
2022-04-06 13:16:26  [ApplicationHooks] (TestNG-PoolService-0:) closing the browser
2022-04-06 13:16:34  [ApplicationHooks] (TestNG-PoolService-2:) closing the browser
2022-04-06 13:16:45  [ApplicationHooks] (TestNG-PoolService-1:) ScreenValidate_the_total_number_of_cars_in_View_All_page
2022-04-06 13:16:48  [ApplicationHooks] (TestNG-PoolService-1:) closing the browser
2022-04-06 13:21:24  [DriverFactory] (TestNG-PoolService-9:) Setting browser value
2022-04-06 13:21:24  [DriverFactory] (TestNG-PoolService-8:) Setting browser value
2022-04-06 13:21:24  [DriverFactory] (TestNG-PoolService-2:) Setting browser value
2022-04-06 13:21:24  [DriverFactory] (TestNG-PoolService-1:) Setting browser value
2022-04-06 13:21:24  [DriverFactory] (TestNG-PoolService-6:) Setting browser value
2022-04-06 13:21:24  [DriverFactory] (TestNG-PoolService-7:) Setting browser value
2022-04-06 13:21:24  [DriverFactory] (TestNG-PoolService-0:) Setting browser value
2022-04-06 13:21:24  [DriverFactory] (TestNG-PoolService-5:) Setting browser value
2022-04-06 13:21:24  [DriverFactory] (TestNG-PoolService-4:) Setting browser value
2022-04-06 13:21:24  [DriverFactory] (TestNG-PoolService-3:) Setting browser value
2022-04-06 13:21:26  [ApplicationHooks] (TestNG-PoolService-0:) Launching browser
2022-04-06 13:21:26  [ApplicationHooks] (TestNG-PoolService-7:) Launching browser
2022-04-06 13:21:26  [ApplicationHooks] (TestNG-PoolService-2:) Launching browser
2022-04-06 13:21:26  [ApplicationHooks] (TestNG-PoolService-9:) Launching browser
2022-04-06 13:21:26  [ApplicationHooks] (TestNG-PoolService-1:) Launching browser
2022-04-06 13:21:26  [ApplicationHooks] (TestNG-PoolService-8:) Launching browser
2022-04-06 13:21:27  [ApplicationHooks] (TestNG-PoolService-6:) Launching browser
2022-04-06 13:21:27  [ApplicationHooks] (TestNG-PoolService-4:) Launching browser
2022-04-06 13:21:27  [ApplicationHooks] (TestNG-PoolService-3:) Launching browser
2022-04-06 13:21:27  [ApplicationHooks] (TestNG-PoolService-5:) Launching browser
2022-04-06 13:21:34  [ApplicationHooks] (TestNG-PoolService-2:) Entering the url.....
2022-04-06 13:21:34  [ApplicationHooks] (TestNG-PoolService-1:) Entering the url.....
2022-04-06 13:21:34  [ApplicationHooks] (TestNG-PoolService-7:) Entering the url.....
2022-04-06 13:21:35  [ApplicationHooks] (TestNG-PoolService-8:) Entering the url.....
2022-04-06 13:21:35  [ApplicationHooks] (TestNG-PoolService-3:) Entering the url.....
2022-04-06 13:21:35  [ApplicationHooks] (TestNG-PoolService-9:) Entering the url.....
2022-04-06 13:21:35  [ApplicationHooks] (TestNG-PoolService-0:) Entering the url.....
2022-04-06 13:21:36  [ApplicationHooks] (TestNG-PoolService-4:) Entering the url.....
2022-04-06 13:21:36  [ApplicationHooks] (TestNG-PoolService-5:) Entering the url.....
2022-04-06 13:21:36  [ApplicationHooks] (TestNG-PoolService-6:) Entering the url.....
2022-04-06 13:21:37  [dashboard_page] (TestNG-PoolService-2:) Successfully landed on the application
2022-04-06 13:21:37  [dashboard_page] (TestNG-PoolService-2:) My Profile link exists on the dashboard
2022-04-06 13:21:37  [dashboard_page] (TestNG-PoolService-2:) My Profile link is enabled on the dashboard
2022-04-06 13:21:37  [dashboard_page] (TestNG-PoolService-2:) Testcase Validate_My_Profile passed
2022-04-06 13:21:37  [dashboard_page] (TestNG-PoolService-1:) Successfully landed on the application
2022-04-06 13:21:37  [dashboard_page] (TestNG-PoolService-7:) Successfully landed on the application
2022-04-06 13:21:38  [dashboard_page] (TestNG-PoolService-8:) Successfully landed on the application
2022-04-06 13:21:38  [dashboard_page] (TestNG-PoolService-7:) Testcase Validate Find your car , popular ,Just launched,upcoming static elements appear in home page is passed
2022-04-06 13:21:38  [dashboard_page] (TestNG-PoolService-9:) Successfully landed on the application
2022-04-06 13:21:38  [dashboard_page] (TestNG-PoolService-3:) Successfully landed on the application
2022-04-06 13:21:38  [dashboard_page] (TestNG-PoolService-0:) Successfully landed on the application
2022-04-06 13:21:38  [dashboard_page] (TestNG-PoolService-0:) Navigating to car listing page
2022-04-06 13:21:39  [dashboard_page] (TestNG-PoolService-4:) Successfully landed on the application
2022-04-06 13:21:39  [dashboard_page] (TestNG-PoolService-5:) Successfully landed on the application
2022-04-06 13:21:39  [dashboard_page] (TestNG-PoolService-6:) Successfully landed on the application
2022-04-06 13:21:40  [ApplicationHooks] (TestNG-PoolService-2:) closing the browser
2022-04-06 13:21:41  [dashboard_page] (TestNG-PoolService-3:) Search bar is validated
2022-04-06 13:21:41  [ApplicationHooks] (TestNG-PoolService-7:) closing the browser
2022-04-06 13:21:42  [dashboard_page] (TestNG-PoolService-0:) Testcase Validate Car listing is pass
2022-04-06 13:21:45  [dashboard_page] (TestNG-PoolService-4:) Number of footer links aretrue
2022-04-06 13:21:45  [dashboard_page] (TestNG-PoolService-4:) Testcase Validate Footer link validation is pass
2022-04-06 13:21:45  [ApplicationHooks] (TestNG-PoolService-0:) closing the browser
2022-04-06 13:21:45  [dashboard_page] (TestNG-PoolService-8:) Testcase Validate the on click of logo , user is taken to homepage is passed
2022-04-06 13:21:48  [ApplicationHooks] (TestNG-PoolService-4:) closing the browser
2022-04-06 13:21:48  [ApplicationHooks] (TestNG-PoolService-5:) closing the browser
2022-04-06 13:21:48  [ApplicationHooks] (TestNG-PoolService-6:) closing the browser
2022-04-06 13:21:49  [ApplicationHooks] (TestNG-PoolService-8:) closing the browser
2022-04-06 13:21:53  [ApplicationHooks] (TestNG-PoolService-9:) closing the browser
2022-04-06 13:22:02  [ApplicationHooks] (TestNG-PoolService-1:) ScreenValidate_the_total_number_of_cars_in_View_All_page
2022-04-06 13:22:06  [ApplicationHooks] (TestNG-PoolService-1:) closing the browser
2022-04-06 13:22:11  [dashboard_page] (TestNG-PoolService-3:) Testcase Validate Search functionality is failed
2022-04-06 13:22:11  [dashboard_page] (TestNG-PoolService-3:) org.openqa.selenium.TimeoutException: Expected condition failed: waiting for visibility of element located by By.xpath: //*[text()='SEARCH'])[2]) (tried for 30 second(s) with 500 milliseconds interval)
2022-04-06 13:22:11  [ApplicationHooks] (TestNG-PoolService-3:) ScreenValidate_Search_functionality
2022-04-06 13:22:15  [ApplicationHooks] (TestNG-PoolService-3:) closing the browser
