<html>
<head>
<title>TestNG:  Surefire test</title>
<link href="../testng.css" rel="stylesheet" type="text/css" />
<link href="../my-testng.css" rel="stylesheet" type="text/css" />

<style type="text/css">
.log { display: none;} 
.stack-trace { display: none;} 
</style>
<script type="text/javascript">
<!--
function flip(e) {
  current = e.style.display;
  if (current == 'block') {
    e.style.display = 'none';
    return 0;
  }
  else {
    e.style.display = 'block';
    return 1;
  }
}

function toggleBox(szDivId, elem, msg1, msg2)
{
  var res = -1;  if (document.getElementById) {
    res = flip(document.getElementById(szDivId));
  }
  else if (document.all) {
    // this is the way old msie versions work
    res = flip(document.all[szDivId]);
  }
  if(elem) {
    if(res == 0) elem.innerHTML = msg1; else elem.innerHTML = msg2;
  }

}

function toggleAllBoxes() {
  if (document.getElementsByTagName) {
    d = document.getElementsByTagName('div');
    for (i = 0; i < d.length; i++) {
      if (d[i].className == 'log') {
        flip(d[i]);
      }
    }
  }
}

// -->
</script>

</head>
<body>
<h2 align='center'>Surefire test</h2><table border='1' align="center">
<tr>
<td>Tests passed/Failed/Skipped:</td><td>8/2/0</td>
</tr><tr>
<td>Started on:</td><td>Fri Apr 08 11:21:47 IST 2022</td>
</tr>
<tr><td>Total time:</td><td>142 seconds (142473 ms)</td>
</tr><tr>
<td>Included groups:</td><td></td>
</tr><tr>
<td>Excluded groups:</td><td></td>
</tr>
</table><p/>
<small><i>(Hover the method name to see the test class name)</i></small><p/>
<table width='100%' border='1' class='invocation-failed'>
<tr><td colspan='4' align='center'><b>FAILED TESTS</b></td></tr>
<tr><td><b>Test method</b></td>
<td width="30%"><b>Exception</b></td>
<td width="10%"><b>Time (seconds)</b></td>
<td><b>Instance</b></td>
</tr>
<tr>
<td title='Stepdefinition.Parallel.runScenario()'><b>runScenario</b><br>Test class: Stepdefinition.Parallel<br>Test method: Runs Cucumber Scenarios<br>Parameters: "Validate the total number of cars in View All page", "Optional[Validate Dashboard Details]"</td>
<td><div><pre>java.lang.AssertionError
	at Pages.CarList.countTheTotalCars(CarList.java:111)
	at Stepdefinition.dashboard_page.count_the_total_numbers_of_cars_in_each_section(dashboard_page.java:363)
	at ?.count the total numbers of cars in each section(file:///Users/firdi/Library/CloudStorage/OneDrive-Deloitte(O365D)/TR_Training/src/test/java/Feature/Carlisting.feature:12)
</pre></div><a href='#' onClick='toggleBox("stack-trace381657195", this, "Click to show all stack frames", "Click to hide stack frames")'>Click to show all stack frames</a>
<div class='stack-trace' id='stack-trace381657195'><pre>java.lang.AssertionError
	at Pages.CarList.countTheTotalCars(CarList.java:111)
	at Stepdefinition.dashboard_page.count_the_total_numbers_of_cars_in_each_section(dashboard_page.java:363)
	at ?.count the total numbers of cars in each section(file:///Users/firdi/Library/CloudStorage/OneDrive-Deloitte(O365D)/TR_Training/src/test/java/Feature/Carlisting.feature:12)
</pre></div></td>
<td>44</td>
<td>Stepdefinition.Parallel@482f8f11</td></tr>
<tr>
<td title='Stepdefinition.TestRunner_2.runScenario()'><b>runScenario</b><br>Test class: Stepdefinition.TestRunner_2<br>Test method: Runs Cucumber Scenarios<br>Parameters: "Validate Search functionality", "Optional[Validate Dashboard Details]"</td>
<td><div><pre>java.lang.AssertionError
	at Stepdefinition.dashboard_page.validateSearchBarSearchButtonArePresent(dashboard_page.java:295)
	at ?.validate search bar &amp; search button are present(file:///Users/firdi/Library/CloudStorage/OneDrive-Deloitte(O365D)/TR_Training/src/test/java/Feature/Dashboard.feature:12)
</pre></div><a href='#' onClick='toggleBox("stack-trace770716757", this, "Click to show all stack frames", "Click to hide stack frames")'>Click to show all stack frames</a>
<div class='stack-trace' id='stack-trace770716757'><pre>java.lang.AssertionError
	at Stepdefinition.dashboard_page.validateSearchBarSearchButtonArePresent(dashboard_page.java:295)
	at ?.validate search bar &amp; search button are present(file:///Users/firdi/Library/CloudStorage/OneDrive-Deloitte(O365D)/TR_Training/src/test/java/Feature/Dashboard.feature:12)
</pre></div></td>
<td>65</td>
<td>Stepdefinition.TestRunner_2@51565ec2</td></tr>
</table><p>
<table width='100%' border='1' class='invocation-passed'>
<tr><td colspan='4' align='center'><b>PASSED TESTS</b></td></tr>
<tr><td><b>Test method</b></td>
<td width="30%"><b>Exception</b></td>
<td width="10%"><b>Time (seconds)</b></td>
<td><b>Instance</b></td>
</tr>
<tr>
<td title='Stepdefinition.Parallel.runScenario()'><b>runScenario</b><br>Test class: Stepdefinition.Parallel<br>Test method: Runs Cucumber Scenarios<br>Parameters: "Validate Cars Listing Page", "Optional[Validate Dashboard Details]"</td>
<td></td>
<td>23</td>
<td>Stepdefinition.Parallel@482f8f11</td></tr>
<tr>
<td title='Stepdefinition.Parallel.runScenario()'><b>runScenario</b><br>Test class: Stepdefinition.Parallel<br>Test method: Runs Cucumber Scenarios<br>Parameters: "Book the Car", "Optional[Validate Dashboard Details]"</td>
<td></td>
<td>30</td>
<td>Stepdefinition.Parallel@482f8f11</td></tr>
<tr>
<td title='Stepdefinition.TestRunner_2.runScenario()'><b>runScenario</b><br>Test class: Stepdefinition.TestRunner_2<br>Test method: Runs Cucumber Scenarios<br>Parameters: "Validate Find your car , popular ,Just launched,upcoming static elements appear in home page", "Optional[Validate Dashboard Details]"</td>
<td></td>
<td>26</td>
<td>Stepdefinition.TestRunner_2@51565ec2</td></tr>
<tr>
<td title='Stepdefinition.TestRunner_2.runScenario()'><b>runScenario</b><br>Test class: Stepdefinition.TestRunner_2<br>Test method: Runs Cucumber Scenarios<br>Parameters: "Validate New Car & Used car exists across all webpages", "Optional[Validate Dashboard Details]"</td>
<td></td>
<td>30</td>
<td>Stepdefinition.TestRunner_2@51565ec2</td></tr>
<tr>
<td title='Stepdefinition.TestRunner_2.runScenario()'><b>runScenario</b><br>Test class: Stepdefinition.TestRunner_2<br>Test method: Runs Cucumber Scenarios<br>Parameters: "Validate MY Profile Details", "Optional[Validate Dashboard Details]"</td>
<td></td>
<td>31</td>
<td>Stepdefinition.TestRunner_2@51565ec2</td></tr>
<tr>
<td title='Stepdefinition.TestRunner_2.runScenario()'><b>runScenario</b><br>Test class: Stepdefinition.TestRunner_2<br>Test method: Runs Cucumber Scenarios<br>Parameters: "Validate that the logo is present across website", "Optional[Validate Dashboard Details]"</td>
<td></td>
<td>34</td>
<td>Stepdefinition.TestRunner_2@51565ec2</td></tr>
<tr>
<td title='Stepdefinition.TestRunner_2.runScenario()'><b>runScenario</b><br>Test class: Stepdefinition.TestRunner_2<br>Test method: Runs Cucumber Scenarios<br>Parameters: "Validate the on click of logo , user is taken to homepage.", "Optional[Validate Dashboard Details]"</td>
<td></td>
<td>44</td>
<td>Stepdefinition.TestRunner_2@51565ec2</td></tr>
<tr>
<td title='Stepdefinition.TestRunner_2.runScenario()'><b>runScenario</b><br>Test class: Stepdefinition.TestRunner_2<br>Test method: Runs Cucumber Scenarios<br>Parameters: "Validate links in the Footer across website", "Optional[Validate Dashboard Details]"</td>
<td></td>
<td>44</td>
<td>Stepdefinition.TestRunner_2@51565ec2</td></tr>
</table><p>
</body>
</html>