<?xml version="1.0" encoding="UTF-8"?>
<testng-results skipped="0" failed="2" ignored="0" total="9" passed="7">
  <reporter-output>
  </reporter-output>
  <suite name="Surefire suite" duration-ms="110175" started-at="2022-04-06T08:54:43Z" finished-at="2022-04-06T08:56:34Z">
    <groups>
      <group name="cucumber">
        <method signature="AbstractTestNGCucumberTests.runScenario(io.cucumber.testng.PickleWrapper, io.cucumber.testng.FeatureWrapper)[pri:0, instance:Stepdefinition.TestRunner_2@51565ec2]" name="runScenario" class="io.cucumber.testng.AbstractTestNGCucumberTests"/>
        <method signature="AbstractTestNGCucumberTests.runScenario(io.cucumber.testng.PickleWrapper, io.cucumber.testng.FeatureWrapper)[pri:0, instance:Stepdefinition.TestRunner_3@482f8f11]" name="runScenario" class="io.cucumber.testng.AbstractTestNGCucumberTests"/>
      </group> <!-- cucumber -->
    </groups>
    <test name="Surefire test" duration-ms="110175" started-at="2022-04-06T08:54:43Z" finished-at="2022-04-06T08:56:34Z">
      <class name="Stepdefinition.TestRunner_2">
        <test-method status="PASS" signature="setUpClass()[pri:0, instance:Stepdefinition.TestRunner_2@51565ec2]" name="setUpClass" is-config="true" duration-ms="453" started-at="2022-04-06T08:54:43Z" finished-at="2022-04-06T08:54:44Z">
          <reporter-output>
          </reporter-output>
        </test-method> <!-- setUpClass -->
        <test-method status="FAIL" signature="runScenario(io.cucumber.testng.PickleWrapper, io.cucumber.testng.FeatureWrapper)[pri:0, instance:Stepdefinition.TestRunner_2@51565ec2]" name="runScenario" duration-ms="35867" started-at="2022-04-06T08:54:44Z" description="Runs Cucumber Scenarios" data-provider="scenarios" finished-at="2022-04-06T08:55:20Z">
          <params>
            <param index="0">
              <value>
                <![CDATA["Validate the total number of cars in View All page"]]>
              </value>
            </param>
            <param index="1">
              <value>
                <![CDATA["Optional[Validate Dashboard Details]"]]>
              </value>
            </param>
          </params>
          <exception class="java.lang.AssertionError">
            <full-stacktrace>
              <![CDATA[java.lang.AssertionError
at Pages.CarList.countTheTotalCars(CarList.java:111)
at Stepdefinition.dashboard_page.count_the_total_numbers_of_cars_in_each_section(dashboard_page.java:363)
at ✽.count the total numbers of cars in each section(file:///Users/firdi/Library/CloudStorage/OneDrive-Deloitte(O365D)/TR_Training/src/test/java/Feature/Carlisting.feature:12)
]]>
            </full-stacktrace>
          </exception> <!-- java.lang.AssertionError -->
          <reporter-output>
          </reporter-output>
        </test-method> <!-- runScenario -->
        <test-method status="PASS" signature="runScenario(io.cucumber.testng.PickleWrapper, io.cucumber.testng.FeatureWrapper)[pri:0, instance:Stepdefinition.TestRunner_2@51565ec2]" name="runScenario" duration-ms="13954" started-at="2022-04-06T08:54:44Z" description="Runs Cucumber Scenarios" data-provider="scenarios" finished-at="2022-04-06T08:54:58Z">
          <params>
            <param index="0">
              <value>
                <![CDATA["Validate Cars Listing Page"]]>
              </value>
            </param>
            <param index="1">
              <value>
                <![CDATA["Optional[Validate Dashboard Details]"]]>
              </value>
            </param>
          </params>
          <reporter-output>
          </reporter-output>
        </test-method> <!-- runScenario -->
        <test-method status="PASS" signature="tearDownClass()[pri:0, instance:Stepdefinition.TestRunner_2@51565ec2]" name="tearDownClass" is-config="true" duration-ms="3589" started-at="2022-04-06T08:55:20Z" finished-at="2022-04-06T08:55:23Z">
          <reporter-output>
          </reporter-output>
        </test-method> <!-- tearDownClass -->
      </class> <!-- Stepdefinition.TestRunner_2 -->
      <class name="Stepdefinition.TestRunner_3">
        <test-method status="PASS" signature="setUpClass()[pri:0, instance:Stepdefinition.TestRunner_3@482f8f11]" name="setUpClass" is-config="true" duration-ms="19" started-at="2022-04-06T08:55:23Z" finished-at="2022-04-06T08:55:23Z">
          <reporter-output>
          </reporter-output>
        </test-method> <!-- setUpClass -->
        <test-method status="PASS" signature="runScenario(io.cucumber.testng.PickleWrapper, io.cucumber.testng.FeatureWrapper)[pri:0, instance:Stepdefinition.TestRunner_3@482f8f11]" name="runScenario" duration-ms="25010" started-at="2022-04-06T08:55:23Z" description="Runs Cucumber Scenarios" data-provider="scenarios" finished-at="2022-04-06T08:55:48Z">
          <params>
            <param index="0">
              <value>
                <![CDATA["Validate MY Profile Details"]]>
              </value>
            </param>
            <param index="1">
              <value>
                <![CDATA["Optional[Validate Dashboard Details]"]]>
              </value>
            </param>
          </params>
          <reporter-output>
          </reporter-output>
        </test-method> <!-- runScenario -->
        <test-method status="PASS" signature="runScenario(io.cucumber.testng.PickleWrapper, io.cucumber.testng.FeatureWrapper)[pri:0, instance:Stepdefinition.TestRunner_3@482f8f11]" name="runScenario" duration-ms="34137" started-at="2022-04-06T08:55:23Z" description="Runs Cucumber Scenarios" data-provider="scenarios" finished-at="2022-04-06T08:55:57Z">
          <params>
            <param index="0">
              <value>
                <![CDATA["Validate that the logo is present across website"]]>
              </value>
            </param>
            <param index="1">
              <value>
                <![CDATA["Optional[Validate Dashboard Details]"]]>
              </value>
            </param>
          </params>
          <reporter-output>
          </reporter-output>
        </test-method> <!-- runScenario -->
        <test-method status="FAIL" signature="runScenario(io.cucumber.testng.PickleWrapper, io.cucumber.testng.FeatureWrapper)[pri:0, instance:Stepdefinition.TestRunner_3@482f8f11]" name="runScenario" duration-ms="60874" started-at="2022-04-06T08:55:23Z" description="Runs Cucumber Scenarios" data-provider="scenarios" finished-at="2022-04-06T08:56:24Z">
          <params>
            <param index="0">
              <value>
                <![CDATA["Validate Search functionality"]]>
              </value>
            </param>
            <param index="1">
              <value>
                <![CDATA["Optional[Validate Dashboard Details]"]]>
              </value>
            </param>
          </params>
          <exception class="java.lang.AssertionError">
            <full-stacktrace>
              <![CDATA[java.lang.AssertionError
at Stepdefinition.dashboard_page.validateSearchBarSearchButtonArePresent(dashboard_page.java:295)
at ✽.validate search bar & search button are present(file:///Users/firdi/Library/CloudStorage/OneDrive-Deloitte(O365D)/TR_Training/src/test/java/Feature/Dashboard.feature:12)
]]>
            </full-stacktrace>
          </exception> <!-- java.lang.AssertionError -->
          <reporter-output>
          </reporter-output>
        </test-method> <!-- runScenario -->
        <test-method status="PASS" signature="runScenario(io.cucumber.testng.PickleWrapper, io.cucumber.testng.FeatureWrapper)[pri:0, instance:Stepdefinition.TestRunner_3@482f8f11]" name="runScenario" duration-ms="34401" started-at="2022-04-06T08:55:23Z" description="Runs Cucumber Scenarios" data-provider="scenarios" finished-at="2022-04-06T08:55:58Z">
          <params>
            <param index="0">
              <value>
                <![CDATA["Validate New Car & Used car exists across all webpages"]]>
              </value>
            </param>
            <param index="1">
              <value>
                <![CDATA["Optional[Validate Dashboard Details]"]]>
              </value>
            </param>
          </params>
          <reporter-output>
          </reporter-output>
        </test-method> <!-- runScenario -->
        <test-method status="PASS" signature="runScenario(io.cucumber.testng.PickleWrapper, io.cucumber.testng.FeatureWrapper)[pri:0, instance:Stepdefinition.TestRunner_3@482f8f11]" name="runScenario" duration-ms="34148" started-at="2022-04-06T08:55:23Z" description="Runs Cucumber Scenarios" data-provider="scenarios" finished-at="2022-04-06T08:55:57Z">
          <params>
            <param index="0">
              <value>
                <![CDATA["Validate links in the Footer across website"]]>
              </value>
            </param>
            <param index="1">
              <value>
                <![CDATA["Optional[Validate Dashboard Details]"]]>
              </value>
            </param>
          </params>
          <reporter-output>
          </reporter-output>
        </test-method> <!-- runScenario -->
        <test-method status="PASS" signature="runScenario(io.cucumber.testng.PickleWrapper, io.cucumber.testng.FeatureWrapper)[pri:0, instance:Stepdefinition.TestRunner_3@482f8f11]" name="runScenario" duration-ms="24952" started-at="2022-04-06T08:55:23Z" description="Runs Cucumber Scenarios" data-provider="scenarios" finished-at="2022-04-06T08:55:48Z">
          <params>
            <param index="0">
              <value>
                <![CDATA["Validate Find your car , popular ,Just launched,upcoming static elements appear in home page"]]>
              </value>
            </param>
            <param index="1">
              <value>
                <![CDATA["Optional[Validate Dashboard Details]"]]>
              </value>
            </param>
          </params>
          <reporter-output>
          </reporter-output>
        </test-method> <!-- runScenario -->
        <test-method status="PASS" signature="runScenario(io.cucumber.testng.PickleWrapper, io.cucumber.testng.FeatureWrapper)[pri:0, instance:Stepdefinition.TestRunner_3@482f8f11]" name="runScenario" duration-ms="35534" started-at="2022-04-06T08:55:23Z" description="Runs Cucumber Scenarios" data-provider="scenarios" finished-at="2022-04-06T08:55:59Z">
          <params>
            <param index="0">
              <value>
                <![CDATA["Validate the on click of logo , user is taken to homepage."]]>
              </value>
            </param>
            <param index="1">
              <value>
                <![CDATA["Optional[Validate Dashboard Details]"]]>
              </value>
            </param>
          </params>
          <reporter-output>
          </reporter-output>
        </test-method> <!-- runScenario -->
        <test-method status="PASS" signature="tearDownClass()[pri:0, instance:Stepdefinition.TestRunner_3@482f8f11]" name="tearDownClass" is-config="true" duration-ms="9328" started-at="2022-04-06T08:56:24Z" finished-at="2022-04-06T08:56:34Z">
          <reporter-output>
          </reporter-output>
        </test-method> <!-- tearDownClass -->
      </class> <!-- Stepdefinition.TestRunner_3 -->
    </test> <!-- Surefire test -->
  </suite> <!-- Surefire suite -->
</testng-results>
