<?xml version="1.0" encoding="UTF-8"?>
<!-- Generated by org.testng.reporters.JUnitReportReporter -->
<testsuite skipped="0" hostname="USBGOFIRDI1" name="Stepdefinition.TestRunner_2" tests="10" failures="2" timestamp="06 Apr 2022 07:52:24 GMT" time="438.319" errors="0">
  <testcase name="runScenario" time="37.549" classname="Stepdefinition.TestRunner_2"/>
  <testcase name="runScenario" time="45.434" classname="Stepdefinition.TestRunner_2"/>
  <testcase name="runScenario" time="32.329" classname="Stepdefinition.TestRunner_2"/>
  <testcase name="runScenario" time="34.150" classname="Stepdefinition.TestRunner_2"/>
  <testcase name="runScenario" time="40.856" classname="Stepdefinition.TestRunner_2"/>
  <testcase name="runScenario" time="40.472" classname="Stepdefinition.TestRunner_2"/>
  <testcase name="runScenario" time="40.884" classname="Stepdefinition.TestRunner_2"/>
  <testcase name="runScenario" time="58.195" classname="Stepdefinition.TestRunner_2">
    <failure type="java.lang.AssertionError">
      <![CDATA[java.lang.AssertionError
at Pages.CarList.countTheTotalCars(CarList.java:111)
at Stepdefinition.dashboard_page.count_the_total_numbers_of_cars_in_each_section(dashboard_page.java:363)
at ✽.count the total numbers of cars in each section(file:///Users/firdi/Library/CloudStorage/OneDrive-Deloitte(O365D)/TR_Training/src/test/java/Feature/Carlisting.feature:12)
]]>
    </failure>
  </testcase> <!-- runScenario -->
  <testcase name="runScenario" time="67.384" classname="Stepdefinition.TestRunner_2">
    <failure type="java.lang.AssertionError">
      <![CDATA[java.lang.AssertionError
at Stepdefinition.dashboard_page.validateSearchBarSearchButtonArePresent(dashboard_page.java:295)
at ✽.validate search bar & search button are present(file:///Users/firdi/Library/CloudStorage/OneDrive-Deloitte(O365D)/TR_Training/src/test/java/Feature/Dashboard.feature:12)
]]>
    </failure>
  </testcase> <!-- runScenario -->
  <testcase name="runScenario" time="41.066" classname="Stepdefinition.TestRunner_2"/>
</testsuite> <!-- Stepdefinition.TestRunner_2 -->
