<?xml version="1.0" encoding="UTF-8"?>
<!-- Generated by org.testng.reporters.JUnitReportReporter -->
<testsuite skipped="0" hostname="USBGOFIRDI1" name="Stepdefinition.TestRunner_3" tests="7" failures="1" timestamp="06 Apr 2022 08:56:34 GMT" time="249.056" errors="0">
  <testcase name="runScenario" time="24.952" classname="Stepdefinition.TestRunner_3"/>
  <testcase name="runScenario" time="35.534" classname="Stepdefinition.TestRunner_3"/>
  <testcase name="runScenario" time="34.137" classname="Stepdefinition.TestRunner_3"/>
  <testcase name="runScenario" time="34.148" classname="Stepdefinition.TestRunner_3"/>
  <testcase name="runScenario" time="34.401" classname="Stepdefinition.TestRunner_3"/>
  <testcase name="runScenario" time="60.874" classname="Stepdefinition.TestRunner_3">
    <failure type="java.lang.AssertionError">
      <![CDATA[java.lang.AssertionError
at Stepdefinition.dashboard_page.validateSearchBarSearchButtonArePresent(dashboard_page.java:295)
at âœ½.validate search bar & search button are present(file:///Users/firdi/Library/CloudStorage/OneDrive-Deloitte(O365D)/TR_Training/src/test/java/Feature/Dashboard.feature:12)
]]>
    </failure>
  </testcase> <!-- runScenario -->
  <testcase name="runScenario" time="25.010" classname="Stepdefinition.TestRunner_3"/>
</testsuite> <!-- Stepdefinition.TestRunner_3 -->
